2026-01-30 16:52:55,141 - INFO - Initializing SAE Semantic Prior extractor...
2026-01-30 16:52:55,142 - INFO - 
============================================================
2026-01-30 16:52:55,142 - INFO - Extracting prior for: breast
2026-01-30 16:52:55,142 - INFO - ============================================================
2026-01-30 16:52:58,925 - INFO - PyTorch version 2.10.0 available.
`torch_dtype` is deprecated! Use `dtype` instead!
Loading checkpoint shards:   0%|          | 0/3 [00:00<?, ?it/s]Loading checkpoint shards:  33%|███▎      | 1/3 [00:01<00:03,  1.56s/it]Loading checkpoint shards:  67%|██████▋   | 2/3 [00:02<00:01,  1.47s/it]Loading checkpoint shards: 100%|██████████| 3/3 [00:03<00:00,  1.16it/s]Loading checkpoint shards: 100%|██████████| 3/3 [00:03<00:00,  1.03s/it]
2026-01-30 16:53:18,819 - WARNING - With reduced precision, it is advised to use `from_pretrained_no_processing` instead of `from_pretrained`.
2026-01-30 16:53:24,721 - WARNING - You are not using LayerNorm, so the writing weights can't be centered! Skipping
  0%|          | 0/30 [00:00<?, ?it/s]  3%|▎         | 1/30 [00:00<00:03,  7.86it/s]100%|██████████| 30/30 [00:00<00:00, 154.73it/s]100%|██████████| 30/30 [00:00<00:00, 130.16it/s]
2026-01-30 16:53:51,087 - INFO - 
Similarity matrix preview (first 5x5):
2026-01-30 16:53:51,105 - INFO - 
============================================================
2026-01-30 16:53:51,106 - INFO - Extracting prior for: heart
2026-01-30 16:53:51,106 - INFO - ============================================================
  0%|          | 0/13 [00:00<?, ?it/s]100%|██████████| 13/13 [00:00<00:00, 723.64it/s]
2026-01-30 16:53:51,469 - INFO - 
Similarity matrix preview (first 5x5):
2026-01-30 16:53:51,472 - INFO - 
✅ Extraction complete! Priors saved to sae_project/priors
2026-01-30 16:53:54,342 - INFO - Loaded structural prior from mi_analysis/results/phase2/structural_prior.pkl
2026-01-30 16:53:54,342 - INFO - 
============================================================
2026-01-30 16:53:54,342 - INFO - Dataset: breast
2026-01-30 16:53:54,342 - INFO - ============================================================
2026-01-30 16:53:55,069 - INFO - Loaded SAE prior from sae_project/priors/breast/similarity_matrix.csv
2026-01-30 16:53:55,069 - INFO - 
  Seed 0
2026-01-30 16:53:55,662 - INFO -     GATree: 0.870
2026-01-30 16:54:00,090 - INFO -     Distilled-Struct: 0.917
2026-01-30 16:54:08,154 - INFO -     Distilled-SAE: 0.923
2026-01-30 16:54:12,859 - INFO -     Distilled-Full: 0.870
2026-01-30 16:54:12,859 - INFO - 
  Seed 1
2026-01-30 16:54:13,397 - INFO -     GATree: 0.930
2026-01-30 16:54:17,908 - INFO -     Distilled-Struct: 0.887
2026-01-30 16:54:25,318 - INFO -     Distilled-SAE: 0.930
2026-01-30 16:54:30,679 - INFO -     Distilled-Full: 0.877
2026-01-30 16:54:30,679 - INFO - 
  Seed 2
2026-01-30 16:54:31,261 - INFO -     GATree: 0.900
2026-01-30 16:54:35,712 - INFO -     Distilled-Struct: 0.940
2026-01-30 16:54:43,304 - INFO -     Distilled-SAE: 0.893
2026-01-30 16:54:48,366 - INFO -     Distilled-Full: 0.910
2026-01-30 16:54:48,366 - INFO - 
============================================================
2026-01-30 16:54:48,366 - INFO - Dataset: heart
2026-01-30 16:54:48,366 - INFO - ============================================================
/home2/nchw73/vanDerSchaarWork/LLEGO/.venv/lib/python3.10/site-packages/sklearn/datasets/_openml.py:1022: FutureWarning: The default value of `parser` will change from `'liac-arff'` to `'auto'` in 1.4. You can set `parser='auto'` to silence this warning. Therefore, an `ImportError` will be raised from 1.4 if the dataset is dense and pandas is not installed. Note that the pandas parser may return different data types. See the Notes Section in fetch_openml's API doc for details.
  warn(
2026-01-30 16:55:28,369 - INFO - Loaded SAE prior from sae_project/priors/heart/similarity_matrix.csv
2026-01-30 16:55:28,370 - INFO - 
  Seed 0
2026-01-30 16:55:28,812 - INFO -     GATree: 0.686
2026-01-30 16:55:32,013 - INFO -     Distilled-Struct: 0.704
2026-01-30 16:55:38,032 - INFO -     Distilled-SAE: 0.675
2026-01-30 16:55:41,338 - INFO -     Distilled-Full: 0.723
2026-01-30 16:55:41,338 - INFO - 
  Seed 1
2026-01-30 16:55:41,792 - INFO -     GATree: 0.627
2026-01-30 16:55:45,082 - INFO -     Distilled-Struct: 0.681
2026-01-30 16:55:50,886 - INFO -     Distilled-SAE: 0.758
2026-01-30 16:55:54,224 - INFO -     Distilled-Full: 0.716
2026-01-30 16:55:54,224 - INFO - 
  Seed 2
2026-01-30 16:55:54,671 - INFO -     GATree: 0.822
2026-01-30 16:55:57,983 - INFO -     Distilled-Struct: 0.828
2026-01-30 16:56:04,010 - INFO -     Distilled-SAE: 0.894
2026-01-30 16:56:07,442 - INFO -     Distilled-Full: 0.681
2026-01-30 16:56:07,442 - INFO - 
============================================================
2026-01-30 16:56:07,442 - INFO - Dataset: diabetes
2026-01-30 16:56:07,442 - INFO - ============================================================
2026-01-30 16:56:07,490 - WARNING - No SAE prior found at sae_project/priors/diabetes/similarity_matrix.csv
2026-01-30 16:56:07,490 - INFO - 
  Seed 0
Traceback (most recent call last):
  File "/home2/nchw73/vanDerSchaarWork/LLEGO/mi_analysis/sae_validation.py", line 589, in <module>
    main()
  File "/home2/nchw73/vanDerSchaarWork/LLEGO/mi_analysis/sae_validation.py", line 577, in main
    run_validation(
  File "/home2/nchw73/vanDerSchaarWork/LLEGO/mi_analysis/sae_validation.py", line 448, in run_validation
    X.values, y.values, test_size=0.3, random_state=seed, stratify=y
AttributeError: 'numpy.ndarray' object has no attribute 'values'
